<?xml version="1.0" encoding="UTF-8"?>
<!-- Generated by org.testng.reporters.JUnitReportReporter -->
<testsuite hostname="HARITHA" name="WorkingWithDatadrivenFramework.Example1Dtadriven" tests="1" failures="0" timestamp="23 May 2019 07:48:24 GMT" time="13.558" errors="0">
  <testcase name="data" time="13.558" classname="WorkingWithDatadrivenFramework.Example1Dtadriven"/>
</testsuite> <!-- WorkingWithDatadrivenFramework.Example1Dtadriven -->
