<?xml version="1.0" encoding="UTF-8"?>
<!-- Generated by org.testng.reporters.JUnitReportReporter -->
<testsuite hostname="HARITHA" name="WorkingwithWindowelements.WorkingwithAutoIT" tests="1" failures="0" timestamp="22 May 2019 05:24:25 GMT" time="5.430" errors="0">
  <testcase name="data" time="5.430" classname="WorkingwithWindowelements.WorkingwithAutoIT"/>
</testsuite> <!-- WorkingwithWindowelements.WorkingwithAutoIT -->
