<?xml version="1.0" encoding="UTF-8"?>
<!-- Generated by org.testng.reporters.JUnitReportReporter -->
<testsuite hostname="HARITHA" name="WorkingWithCssSelector.VerifyLoginbyCss" tests="1" failures="0" timestamp="8 Jun 2019 16:15:59 GMT" time="4.303" errors="0">
  <testcase name="data" time="4.303" classname="WorkingWithCssSelector.VerifyLoginbyCss"/>
</testsuite> <!-- WorkingWithCssSelector.VerifyLoginbyCss -->
